{"G:\\ReactJS\\src\\components\\Body.js": {"path":"G:\\ReactJS\\src\\components\\Body.js","statementMap":{"0":{"start":{"line":8,"column":13},"end":{"line":76,"column":1}},"1":{"start":{"line":9,"column":54},"end":{"line":9,"column":66}},"2":{"start":{"line":10,"column":56},"end":{"line":10,"column":68}},"3":{"start":{"line":11,"column":40},"end":{"line":11,"column":52}},"4":{"start":{"line":12,"column":35},"end":{"line":12,"column":68}},"5":{"start":{"line":14,"column":4},"end":{"line":16,"column":11}},"6":{"start":{"line":15,"column":8},"end":{"line":15,"column":20}},"7":{"start":{"line":18,"column":22},"end":{"line":24,"column":5}},"8":{"start":{"line":19,"column":21},"end":{"line":19,"column":41}},"9":{"start":{"line":20,"column":21},"end":{"line":20,"column":38}},"10":{"start":{"line":21,"column":8},"end":{"line":21,"column":105}},"11":{"start":{"line":22,"column":8},"end":{"line":22,"column":106}},"12":{"start":{"line":26,"column":25},"end":{"line":26,"column":42}},"13":{"start":{"line":28,"column":4},"end":{"line":32,"column":5}},"14":{"start":{"line":29,"column":8},"end":{"line":31,"column":10}},"15":{"start":{"line":34,"column":42},"end":{"line":34,"column":65}},"16":{"start":{"line":37,"column":4},"end":{"line":75,"column":6}},"17":{"start":{"line":42,"column":161},"end":{"line":42,"column":191}},"18":{"start":{"line":44,"column":51},"end":{"line":44,"column":148}},"19":{"start":{"line":44,"column":85},"end":{"line":44,"column":147}},"20":{"start":{"line":45,"column":24},"end":{"line":45,"column":66}},"21":{"start":{"line":48,"column":41},"end":{"line":48,"column":100}},"22":{"start":{"line":48,"column":75},"end":{"line":48,"column":99}},"23":{"start":{"line":49,"column":24},"end":{"line":49,"column":60}},"24":{"start":{"line":57,"column":40},"end":{"line":57,"column":67}},"25":{"start":{"line":63,"column":20},"end":{"line":70,"column":27}}},"fnMap":{"0":{"name":"(anonymous_0)","decl":{"start":{"line":8,"column":13},"end":{"line":8,"column":14}},"loc":{"start":{"line":8,"column":19},"end":{"line":76,"column":1}},"line":8},"1":{"name":"(anonymous_1)","decl":{"start":{"line":14,"column":14},"end":{"line":14,"column":15}},"loc":{"start":{"line":14,"column":20},"end":{"line":16,"column":5}},"line":14},"2":{"name":"(anonymous_2)","decl":{"start":{"line":18,"column":22},"end":{"line":18,"column":23}},"loc":{"start":{"line":18,"column":34},"end":{"line":24,"column":5}},"line":18},"3":{"name":"(anonymous_3)","decl":{"start":{"line":42,"column":152},"end":{"line":42,"column":153}},"loc":{"start":{"line":42,"column":159},"end":{"line":42,"column":193}},"line":42},"4":{"name":"(anonymous_4)","decl":{"start":{"line":43,"column":89},"end":{"line":43,"column":90}},"loc":{"start":{"line":43,"column":95},"end":{"line":46,"column":21}},"line":43},"5":{"name":"(anonymous_5)","decl":{"start":{"line":44,"column":76},"end":{"line":44,"column":77}},"loc":{"start":{"line":44,"column":85},"end":{"line":44,"column":147}},"line":44},"6":{"name":"(anonymous_6)","decl":{"start":{"line":47,"column":86},"end":{"line":47,"column":87}},"loc":{"start":{"line":47,"column":92},"end":{"line":51,"column":17}},"line":47},"7":{"name":"(anonymous_7)","decl":{"start":{"line":48,"column":66},"end":{"line":48,"column":67}},"loc":{"start":{"line":48,"column":75},"end":{"line":48,"column":99}},"line":48},"8":{"name":"(anonymous_8)","decl":{"start":{"line":57,"column":33},"end":{"line":57,"column":34}},"loc":{"start":{"line":57,"column":40},"end":{"line":57,"column":67}},"line":57},"9":{"name":"(anonymous_9)","decl":{"start":{"line":62,"column":40},"end":{"line":62,"column":41}},"loc":{"start":{"line":63,"column":20},"end":{"line":70,"column":27}},"line":63}},"branchMap":{"0":{"loc":{"start":{"line":28,"column":4},"end":{"line":32,"column":5}},"type":"if","locations":[{"start":{"line":28,"column":4},"end":{"line":32,"column":5}},{"start":{},"end":{}}],"line":28},"1":{"loc":{"start":{"line":37,"column":11},"end":{"line":75,"column":5}},"type":"cond-expr","locations":[{"start":{"line":38,"column":5},"end":{"line":38,"column":16}},{"start":{"line":39,"column":8},"end":{"line":74,"column":14}}],"line":37},"2":{"loc":{"start":{"line":66,"column":28},"end":{"line":68,"column":77}},"type":"cond-expr","locations":[{"start":{"line":67,"column":33},"end":{"line":67,"column":86}},{"start":{"line":68,"column":31},"end":{"line":68,"column":76}}],"line":66}},"s":{"0":1,"1":0,"2":0,"3":0,"4":0,"5":0,"6":0,"7":0,"8":0,"9":0,"10":0,"11":0,"12":0,"13":0,"14":0,"15":0,"16":0,"17":0,"18":0,"19":0,"20":0,"21":0,"22":0,"23":0,"24":0,"25":0},"f":{"0":0,"1":0,"2":0,"3":0,"4":0,"5":0,"6":0,"7":0,"8":0,"9":0},"b":{"0":[0,0],"1":[0,0],"2":[0,0]},"_coverageSchema":"1a1c01bbd47fc00a2c39e90264f33305004495a9","hash":"018f38cfc8029448e2fd2bf1cec4f0d3aa910a60"}
,"G:\\ReactJS\\src\\components\\Contact.js": {"path":"G:\\ReactJS\\src\\components\\Contact.js","statementMap":{"0":{"start":{"line":3,"column":16},"end":{"line":15,"column":1}},"1":{"start":{"line":4,"column":4},"end":{"line":14,"column":6}}},"fnMap":{"0":{"name":"(anonymous_0)","decl":{"start":{"line":3,"column":16},"end":{"line":3,"column":17}},"loc":{"start":{"line":3,"column":22},"end":{"line":15,"column":1}},"line":3}},"branchMap":{},"s":{"0":1,"1":5},"f":{"0":5},"b":{},"_coverageSchema":"1a1c01bbd47fc00a2c39e90264f33305004495a9","hash":"bdf1e5ea1f4eb61d3ae842965fb32b06fff98eef"}
,"G:\\ReactJS\\src\\components\\Header.js": {"path":"G:\\ReactJS\\src\\components\\Header.js","statementMap":{"0":{"start":{"line":9,"column":15},"end":{"line":44,"column":1}},"1":{"start":{"line":11,"column":46},"end":{"line":11,"column":63}},"2":{"start":{"line":12,"column":23},"end":{"line":12,"column":40}},"3":{"start":{"line":13,"column":27},"end":{"line":13,"column":50}},"4":{"start":{"line":14,"column":20},"end":{"line":14,"column":60}},"5":{"start":{"line":14,"column":43},"end":{"line":14,"column":59}},"6":{"start":{"line":16,"column":2},"end":{"line":43,"column":3}},"7":{"start":{"line":33,"column":14},"end":{"line":35,"column":43}}},"fnMap":{"0":{"name":"(anonymous_0)","decl":{"start":{"line":9,"column":15},"end":{"line":9,"column":16}},"loc":{"start":{"line":9,"column":21},"end":{"line":44,"column":1}},"line":9},"1":{"name":"(anonymous_1)","decl":{"start":{"line":14,"column":32},"end":{"line":14,"column":33}},"loc":{"start":{"line":14,"column":43},"end":{"line":14,"column":59}},"line":14},"2":{"name":"(anonymous_2)","decl":{"start":{"line":32,"column":21},"end":{"line":32,"column":22}},"loc":{"start":{"line":32,"column":27},"end":{"line":36,"column":13}},"line":32}},"branchMap":{"0":{"loc":{"start":{"line":25,"column":45},"end":{"line":25,"column":71}},"type":"cond-expr","locations":[{"start":{"line":25,"column":60},"end":{"line":25,"column":64}},{"start":{"line":25,"column":67},"end":{"line":25,"column":71}}],"line":25},"1":{"loc":{"start":{"line":33,"column":14},"end":{"line":35,"column":42}},"type":"cond-expr","locations":[{"start":{"line":34,"column":16},"end":{"line":34,"column":43}},{"start":{"line":35,"column":16},"end":{"line":35,"column":42}}],"line":33}},"s":{"0":1,"1":5,"2":5,"3":5,"4":5,"5":9,"6":5,"7":1},"f":{"0":5,"1":9,"2":1},"b":{"0":[5,0],"1":[1,0]},"_coverageSchema":"1a1c01bbd47fc00a2c39e90264f33305004495a9","hash":"a572b0250a0088ef643f4db8a59bf2a3fe96b469"}
,"G:\\ReactJS\\src\\components\\RestaurentCard.js": {"path":"G:\\ReactJS\\src\\components\\RestaurentCard.js","statementMap":{"0":{"start":{"line":4,"column":23},"end":{"line":27,"column":1}},"1":{"start":{"line":5,"column":22},"end":{"line":5,"column":27}},"2":{"start":{"line":15,"column":6},"end":{"line":15,"column":13}},"3":{"start":{"line":17,"column":2},"end":{"line":26,"column":4}},"4":{"start":{"line":31,"column":33},"end":{"line":42,"column":1}},"5":{"start":{"line":32,"column":2},"end":{"line":41,"column":4}},"6":{"start":{"line":33,"column":4},"end":{"line":40,"column":6}}},"fnMap":{"0":{"name":"(anonymous_0)","decl":{"start":{"line":4,"column":23},"end":{"line":4,"column":24}},"loc":{"start":{"line":4,"column":34},"end":{"line":27,"column":1}},"line":4},"1":{"name":"(anonymous_1)","decl":{"start":{"line":31,"column":33},"end":{"line":31,"column":34}},"loc":{"start":{"line":31,"column":53},"end":{"line":42,"column":1}},"line":31},"2":{"name":"(anonymous_2)","decl":{"start":{"line":32,"column":9},"end":{"line":32,"column":10}},"loc":{"start":{"line":32,"column":20},"end":{"line":41,"column":3}},"line":32}},"branchMap":{},"s":{"0":2,"1":5,"2":4,"3":4,"4":2,"5":0,"6":0},"f":{"0":5,"1":0,"2":0},"b":{},"_coverageSchema":"1a1c01bbd47fc00a2c39e90264f33305004495a9","hash":"1402052ef54c24705b0688c8fc4897fb94031534"}
,"G:\\ReactJS\\src\\components\\sum.js": {"path":"G:\\ReactJS\\src\\components\\sum.js","statementMap":{"0":{"start":{"line":1,"column":12},"end":{"line":3,"column":1}},"1":{"start":{"line":2,"column":4},"end":{"line":2,"column":17}}},"fnMap":{"0":{"name":"(anonymous_0)","decl":{"start":{"line":1,"column":12},"end":{"line":1,"column":13}},"loc":{"start":{"line":1,"column":21},"end":{"line":3,"column":1}},"line":1}},"branchMap":{},"s":{"0":1,"1":1},"f":{"0":1},"b":{},"_coverageSchema":"1a1c01bbd47fc00a2c39e90264f33305004495a9","hash":"ec2c948b32682435859c9455811f8e405da77e2b"}
,"G:\\ReactJS\\src\\utils\\appStore.js": {"path":"G:\\ReactJS\\src\\utils\\appStore.js","statementMap":{"0":{"start":{"line":4,"column":17},"end":{"line":8,"column":2}}},"fnMap":{},"branchMap":{},"s":{"0":1},"f":{},"b":{},"_coverageSchema":"1a1c01bbd47fc00a2c39e90264f33305004495a9","hash":"e82bac4b999bc13d3e298e8bc2c0a3468a54694e"}
,"G:\\ReactJS\\src\\utils\\cartSlice.js": {"path":"G:\\ReactJS\\src\\utils\\cartSlice.js","statementMap":{"0":{"start":{"line":3,"column":18},"end":{"line":19,"column":2}},"1":{"start":{"line":10,"column":12},"end":{"line":10,"column":45}},"2":{"start":{"line":13,"column":12},"end":{"line":13,"column":30}},"3":{"start":{"line":16,"column":12},"end":{"line":16,"column":35}},"4":{"start":{"line":21,"column":50},"end":{"line":21,"column":67}}},"fnMap":{"0":{"name":"(anonymous_0)","decl":{"start":{"line":9,"column":17},"end":{"line":9,"column":18}},"loc":{"start":{"line":9,"column":36},"end":{"line":11,"column":9}},"line":9},"1":{"name":"(anonymous_1)","decl":{"start":{"line":12,"column":20},"end":{"line":12,"column":21}},"loc":{"start":{"line":12,"column":31},"end":{"line":14,"column":9}},"line":12},"2":{"name":"(anonymous_2)","decl":{"start":{"line":15,"column":19},"end":{"line":15,"column":20}},"loc":{"start":{"line":15,"column":30},"end":{"line":17,"column":9}},"line":15}},"branchMap":{},"s":{"0":1,"1":0,"2":0,"3":0,"4":1},"f":{"0":0,"1":0,"2":0},"b":{},"_coverageSchema":"1a1c01bbd47fc00a2c39e90264f33305004495a9","hash":"ff53b254bd5dca12628a794f3bd78c55dc46f4cf"}
,"G:\\ReactJS\\src\\utils\\useOnlineStatus.js": {"path":"G:\\ReactJS\\src\\utils\\useOnlineStatus.js","statementMap":{"0":{"start":{"line":3,"column":24},"end":{"line":15,"column":1}},"1":{"start":{"line":5,"column":44},"end":{"line":5,"column":58}},"2":{"start":{"line":6,"column":4},"end":{"line":13,"column":13}},"3":{"start":{"line":7,"column":8},"end":{"line":9,"column":11}},"4":{"start":{"line":8,"column":12},"end":{"line":8,"column":35}},"5":{"start":{"line":10,"column":8},"end":{"line":12,"column":11}},"6":{"start":{"line":11,"column":12},"end":{"line":11,"column":34}},"7":{"start":{"line":14,"column":4},"end":{"line":14,"column":24}}},"fnMap":{"0":{"name":"(anonymous_0)","decl":{"start":{"line":3,"column":24},"end":{"line":3,"column":25}},"loc":{"start":{"line":3,"column":30},"end":{"line":15,"column":1}},"line":3},"1":{"name":"(anonymous_1)","decl":{"start":{"line":6,"column":14},"end":{"line":6,"column":15}},"loc":{"start":{"line":6,"column":19},"end":{"line":13,"column":9}},"line":6},"2":{"name":"(anonymous_2)","decl":{"start":{"line":7,"column":43},"end":{"line":7,"column":44}},"loc":{"start":{"line":7,"column":49},"end":{"line":9,"column":9}},"line":7},"3":{"name":"(anonymous_3)","decl":{"start":{"line":10,"column":42},"end":{"line":10,"column":43}},"loc":{"start":{"line":10,"column":48},"end":{"line":12,"column":9}},"line":10}},"branchMap":{},"s":{"0":2,"1":5,"2":5,"3":4,"4":0,"5":4,"6":0,"7":5},"f":{"0":5,"1":4,"2":0,"3":0},"b":{},"_coverageSchema":"1a1c01bbd47fc00a2c39e90264f33305004495a9","hash":"6074833b1ea8185b447aedde45c93667ec9f62c1"}
}
